0 info it worked if it ends with ok
1 verbose cli [ '/usr/local/bin/node', '/usr/local/bin/npm', 'run', 'start' ]
2 info using npm@3.4.0
3 info using node@v4.1.2
4 verbose run-script [ 'prestart', 'start', 'poststart' ]
5 info lifecycle pokemans@0.0.1~prestart: pokemans@0.0.1
6 silly lifecycle pokemans@0.0.1~prestart: no script for prestart, continuing
7 info lifecycle pokemans@0.0.1~start: pokemans@0.0.1
8 verbose lifecycle pokemans@0.0.1~start: unsafe-perm in lifecycle true
9 verbose lifecycle pokemans@0.0.1~start: PATH: /usr/local/lib/node_modules/npm/bin/node-gyp-bin:/Users/dewit/Documents/Toaster/personal/pokemans/node_modules/.bin:/opt/local/bin:/opt/local/sbin:/opt/local/bin:/opt/local/sbin:/Users/dewit/google-cloud-sdk/bin:/usr/local/git/current/bin:/usr/local/bin:/usr/bin:/bin:/usr/local/sbin:/usr/sbin:/sbin:/opt/X11/bin
10 verbose lifecycle pokemans@0.0.1~start: CWD: /Users/dewit/Documents/Toaster/personal/pokemans
11 silly lifecycle pokemans@0.0.1~start: Args: [ '-c', 'webpack-dev-server --inline --content-base src' ]
12 silly lifecycle pokemans@0.0.1~start: Returned: code: 1  signal: null
13 info lifecycle pokemans@0.0.1~start: Failed to exec start script
14 verbose stack Error: pokemans@0.0.1 start: `webpack-dev-server --inline --content-base src`
14 verbose stack Exit status 1
14 verbose stack     at EventEmitter.<anonymous> (/usr/local/lib/node_modules/npm/lib/utils/lifecycle.js:232:16)
14 verbose stack     at emitTwo (events.js:87:13)
14 verbose stack     at EventEmitter.emit (events.js:172:7)
14 verbose stack     at ChildProcess.<anonymous> (/usr/local/lib/node_modules/npm/lib/utils/spawn.js:24:14)
14 verbose stack     at emitTwo (events.js:87:13)
14 verbose stack     at ChildProcess.emit (events.js:172:7)
14 verbose stack     at maybeClose (internal/child_process.js:818:16)
14 verbose stack     at Process.ChildProcess._handle.onexit (internal/child_process.js:211:5)
15 verbose pkgid pokemans@0.0.1
16 verbose cwd /Users/dewit/Documents/Toaster/personal/pokemans
17 error Darwin 15.6.0
18 error argv "/usr/local/bin/node" "/usr/local/bin/npm" "run" "start"
19 error node v4.1.2
20 error npm  v3.4.0
21 error code ELIFECYCLE
22 error pokemans@0.0.1 start: `webpack-dev-server --inline --content-base src`
22 error Exit status 1
23 error Failed at the pokemans@0.0.1 start script 'webpack-dev-server --inline --content-base src'.
23 error Make sure you have the latest version of node.js and npm installed.
23 error If you do, this is most likely a problem with the pokemans package,
23 error not with npm itself.
23 error Tell the author that this fails on your system:
23 error     webpack-dev-server --inline --content-base src
23 error You can get their info via:
23 error     npm owner ls pokemans
23 error There is likely additional logging output above.
24 verbose exit [ 1, true ]
